0 info it worked if it ends with ok
1 verbose cli [ '/usr/bin/node', '/usr/bin/npm', 'unpublish', '--force', './' ]
2 info using npm@1.2.18
3 info using node@v0.8.23
4 warn using --force I sure hope you know what you are doing.
5 verbose read json /home/user1/work/1412/github-project/marshaljson/package.json
6 error Failed to parse json
6 error Unexpected token }
7 error File: /home/user1/work/1412/github-project/marshaljson/package.json
8 error Failed to parse package.json data.
8 error package.json must be actual JSON, not just JavaScript.
8 error
8 error This is not a bug in npm.
8 error Tell the package author to fix their package.json file. JSON.parse
9 error System Linux 3.0.0-16-generic
10 error command "/usr/bin/node" "/usr/bin/npm" "unpublish" "--force" "./"
11 error cwd /home/user1/work/1412/github-project/marshaljson
12 error node -v v0.8.23
13 error npm -v 1.2.18
14 error file /home/user1/work/1412/github-project/marshaljson/package.json
15 error code EJSONPARSE
16 verbose exit [ 1, true ]
